<?xml version="1.0" encoding="UTF-8"?>
<!-- Generated by org.testng.reporters.JUnitReportReporter -->
<testsuite hostname="SPBLRLAP-1723" failures="0" tests="1" name="script.Test1" time="6.840" errors="0" timestamp="2022-09-26T09:13:41 IST" skipped="0">
  <testcase classname="script.Test1" name="testA" time="6.840"/>
  <system-out/>
</testsuite> <!-- script.Test1 -->
