<?xml version="1.0" encoding="UTF-8"?>
<!-- Generated by org.testng.reporters.JUnitReportReporter -->
<testsuite hostname="SPBLRLAP-1723" failures="0" tests="1" name="script.ValidLogin" time="15.445" errors="0" timestamp="2022-09-28T08:35:35 IST" skipped="0">
  <testcase classname="script.ValidLogin" name="testValidLogin" time="15.445"/>
  <system-out/>
</testsuite> <!-- script.ValidLogin -->
